# JRE version: Java(TM) SE Runtime Environment (8.0_191-b12) (build 1.8.0_191-b12)
# Java VM: Java HotSpot(TM) Client VM (25.191-b12 mixed mode windows-x86 )
Heap:
 def new generation   total 157248K, used 157247K [0x05e00000, 0x108a0000, 0x108a0000)
  eden space 139776K, 100% used [0x05e00000, 0x0e680000, 0x0e680000)
  from space 17472K,  99% used [0x0e680000, 0x0f78fff8, 0x0f790000)
  to   space 17472K,   0% used [0x0f790000, 0x0f790000, 0x108a0000)
 tenured generation   total 349568K, used 349567K [0x108a0000, 0x25e00000, 0x25e00000)
   the space 349568K,  99% used [0x108a0000, 0x25dfffc8, 0x25e00000, 0x25e00000)
 Metaspace       used 26172K, capacity 26793K, committed 26880K, reserved 27008K
GC Heap History (10 events):
Event: 1804.342 GC heap before
{Heap before GC invocations=83 (full 17):
 def new generation   total 157248K, used 157247K [0x05e00000, 0x108a0000, 0x108a0000)
  eden space 139776K, 100% used [0x05e00000, 0x0e680000, 0x0e680000)
  from space 17472K,  99% used [0x0e680000, 0x0f78fff8, 0x0f790000)
  to   space 17472K,   0% used [0x0f790000, 0x0f790000, 0x108a0000)
 tenured generation   total 349568K, used 349567K [0x108a0000, 0x25e00000, 0x25e00000)
   the space 349568K,  99% used [0x108a0000, 0x25dffff8, 0x25e00000, 0x25e00000)
 Metaspace       used 26172K, capacity 26793K, committed 26880K, reserved 27008K
Event: 1804.811 GC heap after
Heap after GC invocations=84 (full 18):
 def new generation   total 157248K, used 157223K [0x05e00000, 0x108a0000, 0x108a0000)
  eden space 139776K, 100% used [0x05e00000, 0x0e680000, 0x0e680000)
  from space 17472K,  99% used [0x0e680000, 0x0f789f40, 0x0f790000)
  to   space 17472K,   0% used [0x0f790000, 0x0f790000, 0x108a0000)
 tenured generation   total 349568K, used 349567K [0x108a0000, 0x25e00000, 0x25e00000)
   the space 349568K,  99% used [0x108a0000, 0x25dffff8, 0x25e00000, 0x25e00000)
 Metaspace       used 26172K, capacity 26793K, committed 26880K, reserved 27008K
}
Event: 1804.812 GC heap before
{Heap before GC invocations=84 (full 18):
 def new generation   total 157248K, used 157247K [0x05e00000, 0x108a0000, 0x108a0000)
  eden space 139776K, 100% used [0x05e00000, 0x0e680000, 0x0e680000)
  from space 17472K,  99% used [0x0e680000, 0x0f78fe90, 0x0f790000)
  to   space 17472K,   0% used [0x0f790000, 0x0f790000, 0x108a0000)
 tenured generation   total 349568K, used 349567K [0x108a0000, 0x25e00000, 0x25e00000)
   the space 349568K,  99% used [0x108a0000, 0x25dffff8, 0x25e00000, 0x25e00000)
 Metaspace       used 26172K, capacity 26793K, committed 26880K, reserved 27008K
Event: 1805.272 GC heap after
Heap after GC invocations=85 (full 19):
 def new generation   total 157248K, used 157212K [0x05e00000, 0x108a0000, 0x108a0000)
  eden space 139776K, 100% used [0x05e00000, 0x0e680000, 0x0e680000)
  from space 17472K,  99% used [0x0e680000, 0x0f787048, 0x0f790000)
  to   space 17472K,   0% used [0x0f790000, 0x0f790000, 0x108a0000)
 tenured generation   total 349568K, used 349567K [0x108a0000, 0x25e00000, 0x25e00000)
   the space 349568K,  99% used [0x108a0000, 0x25dffff8, 0x25e00000, 0x25e00000)
 Metaspace       used 26172K, capacity 26793K, committed 26880K, reserved 27008K
}
Event: 1805.273 GC heap before
{Heap before GC invocations=85 (full 19):
 def new generation   total 157248K, used 157247K [0x05e00000, 0x108a0000, 0x108a0000)
  eden space 139776K, 100% used [0x05e00000, 0x0e680000, 0x0e680000)
  from space 17472K,  99% used [0x0e680000, 0x0f78ffd8, 0x0f790000)
  to   space 17472K,   0% used [0x0f790000, 0x0f790000, 0x108a0000)
 tenured generation   total 349568K, used 349567K [0x108a0000, 0x25e00000, 0x25e00000)
   the space 349568K,  99% used [0x108a0000, 0x25dffff8, 0x25e00000, 0x25e00000)
 Metaspace       used 26172K, capacity 26793K, committed 26880K, reserved 27008K
Event: 1805.738 GC heap after
Heap after GC invocations=86 (full 20):
 def new generation   total 157248K, used 157234K [0x05e00000, 0x108a0000, 0x108a0000)
  eden space 139776K, 100% used [0x05e00000, 0x0e680000, 0x0e680000)
  from space 17472K,  99% used [0x0e680000, 0x0f78c9e8, 0x0f790000)
  to   space 17472K,   0% used [0x0f790000, 0x0f790000, 0x108a0000)
 tenured generation   total 349568K, used 349524K [0x108a0000, 0x25e00000, 0x25e00000)
   the space 349568K,  99% used [0x108a0000, 0x25df5220, 0x25df5400, 0x25e00000)
 Metaspace       used 26172K, capacity 26793K, committed 26880K, reserved 27008K
}
Event: 1805.738 GC heap before
{Heap before GC invocations=86 (full 20):
 def new generation   total 157248K, used 157247K [0x05e00000, 0x108a0000, 0x108a0000)
  eden space 139776K, 100% used [0x05e00000, 0x0e680000, 0x0e680000)
  from space 17472K,  99% used [0x0e680000, 0x0f78fff8, 0x0f790000)
  to   space 17472K,   0% used [0x0f790000, 0x0f790000, 0x108a0000)
 tenured generation   total 349568K, used 349547K [0x108a0000, 0x25e00000, 0x25e00000)
   the space 349568K,  99% used [0x108a0000, 0x25dfaf48, 0x25dfb000, 0x25e00000)
 Metaspace       used 26172K, capacity 26793K, committed 26880K, reserved 27008K
Event: 1806.200 GC heap after
Heap after GC invocations=87 (full 21):
 def new generation   total 157248K, used 157216K [0x05e00000, 0x108a0000, 0x108a0000)
  eden space 139776K, 100% used [0x05e00000, 0x0e680000, 0x0e680000)
  from space 17472K,  99% used [0x0e680000, 0x0f7882b8, 0x0f790000)
  to   space 17472K,   0% used [0x0f790000, 0x0f790000, 0x108a0000)
 tenured generation   total 349568K, used 349547K [0x108a0000, 0x25e00000, 0x25e00000)
   the space 349568K,  99% used [0x108a0000, 0x25dfaf48, 0x25dfb000, 0x25e00000)
 Metaspace       used 26172K, capacity 26793K, committed 26880K, reserved 27008K
}
Event: 1806.200 GC heap before
{Heap before GC invocations=87 (full 21):
 def new generation   total 157248K, used 157216K [0x05e00000, 0x108a0000, 0x108a0000)
  eden space 139776K, 100% used [0x05e00000, 0x0e680000, 0x0e680000)
  from space 17472K,  99% used [0x0e680000, 0x0f7882b8, 0x0f790000)
  to   space 17472K,   0% used [0x0f790000, 0x0f790000, 0x108a0000)
 tenured generation   total 349568K, used 349547K [0x108a0000, 0x25e00000, 0x25e00000)
   the space 349568K,  99% used [0x108a0000, 0x25dfaf48, 0x25dfb000, 0x25e00000)
 Metaspace       used 26172K, capacity 26793K, committed 26880K, reserved 27008K
Event: 1806.657 GC heap after
Heap after GC invocations=88 (full 22):
 def new generation   total 157248K, used 157216K [0x05e00000, 0x108a0000, 0x108a0000)
  eden space 139776K, 100% used [0x05e00000, 0x0e680000, 0x0e680000)
  from space 17472K,  99% used [0x0e680000, 0x0f7882b8, 0x0f790000)
  to   space 17472K,   0% used [0x0f790000, 0x0f790000, 0x108a0000)
 tenured generation   total 349568K, used 349532K [0x108a0000, 0x25e00000, 0x25e00000)
   the space 349568K,  99% used [0x108a0000, 0x25df7048, 0x25df7200, 0x25e00000)
 Metaspace       used 26172K, capacity 26793K, committed 26880K, reserved 27008K
}

